ARM GAS  /tmp/ccc8hMQP.s 			page 1


   1              		.cpu cortex-m4
   2              		.eabi_attribute 27, 1
   3              		.eabi_attribute 28, 1
   4              		.eabi_attribute 20, 1
   5              		.eabi_attribute 21, 1
   6              		.eabi_attribute 23, 3
   7              		.eabi_attribute 24, 1
   8              		.eabi_attribute 25, 1
   9              		.eabi_attribute 26, 1
  10              		.eabi_attribute 30, 1
  11              		.eabi_attribute 34, 1
  12              		.eabi_attribute 18, 4
  13              		.file	"gpio.c"
  14              		.text
  15              	.Ltext0:
  16              		.cfi_sections	.debug_frame
  17              		.section	.text.MX_GPIO_Init,"ax",%progbits
  18              		.align	1
  19              		.global	MX_GPIO_Init
  20              		.arch armv7e-m
  21              		.syntax unified
  22              		.thumb
  23              		.thumb_func
  24              		.fpu fpv4-sp-d16
  26              	MX_GPIO_Init:
  27              	.LFB134:
  28              		.file 1 "Core/Src/gpio.c"
   1:Core/Src/gpio.c **** /* USER CODE BEGIN Header */
   2:Core/Src/gpio.c **** /**
   3:Core/Src/gpio.c ****   ******************************************************************************
   4:Core/Src/gpio.c ****   * @file    gpio.c
   5:Core/Src/gpio.c ****   * @brief   This file provides code for the configuration
   6:Core/Src/gpio.c ****   *          of all used GPIO pins.
   7:Core/Src/gpio.c ****   ******************************************************************************
   8:Core/Src/gpio.c ****   * @attention
   9:Core/Src/gpio.c ****   *
  10:Core/Src/gpio.c ****   * Copyright (c) 2025 STMicroelectronics.
  11:Core/Src/gpio.c ****   * All rights reserved.
  12:Core/Src/gpio.c ****   *
  13:Core/Src/gpio.c ****   * This software is licensed under terms that can be found in the LICENSE file
  14:Core/Src/gpio.c ****   * in the root directory of this software component.
  15:Core/Src/gpio.c ****   * If no LICENSE file comes with this software, it is provided AS-IS.
  16:Core/Src/gpio.c ****   *
  17:Core/Src/gpio.c ****   ******************************************************************************
  18:Core/Src/gpio.c ****   */
  19:Core/Src/gpio.c **** /* USER CODE END Header */
  20:Core/Src/gpio.c **** 
  21:Core/Src/gpio.c **** /* Includes ------------------------------------------------------------------*/
  22:Core/Src/gpio.c **** #include "gpio.h"
  23:Core/Src/gpio.c **** 
  24:Core/Src/gpio.c **** /* USER CODE BEGIN 0 */
  25:Core/Src/gpio.c **** 
  26:Core/Src/gpio.c **** /* USER CODE END 0 */
  27:Core/Src/gpio.c **** 
  28:Core/Src/gpio.c **** /*----------------------------------------------------------------------------*/
  29:Core/Src/gpio.c **** /* Configure GPIO                                                             */
  30:Core/Src/gpio.c **** /*----------------------------------------------------------------------------*/
ARM GAS  /tmp/ccc8hMQP.s 			page 2


  31:Core/Src/gpio.c **** /* USER CODE BEGIN 1 */
  32:Core/Src/gpio.c **** 
  33:Core/Src/gpio.c **** /* USER CODE END 1 */
  34:Core/Src/gpio.c **** 
  35:Core/Src/gpio.c **** /** Configure pins as
  36:Core/Src/gpio.c ****         * Analog
  37:Core/Src/gpio.c ****         * Input
  38:Core/Src/gpio.c ****         * Output
  39:Core/Src/gpio.c ****         * EVENT_OUT
  40:Core/Src/gpio.c ****         * EXTI
  41:Core/Src/gpio.c **** */
  42:Core/Src/gpio.c **** void MX_GPIO_Init(void)
  43:Core/Src/gpio.c **** {
  29              		.loc 1 43 1 view -0
  30              		.cfi_startproc
  31              		@ args = 0, pretend = 0, frame = 40
  32              		@ frame_needed = 0, uses_anonymous_args = 0
  33 0000 F0B5     		push	{r4, r5, r6, r7, lr}
  34              	.LCFI0:
  35              		.cfi_def_cfa_offset 20
  36              		.cfi_offset 4, -20
  37              		.cfi_offset 5, -16
  38              		.cfi_offset 6, -12
  39              		.cfi_offset 7, -8
  40              		.cfi_offset 14, -4
  41 0002 8BB0     		sub	sp, sp, #44
  42              	.LCFI1:
  43              		.cfi_def_cfa_offset 64
  44:Core/Src/gpio.c **** 
  45:Core/Src/gpio.c ****   GPIO_InitTypeDef GPIO_InitStruct = {0};
  44              		.loc 1 45 3 view .LVU1
  45              		.loc 1 45 20 is_stmt 0 view .LVU2
  46 0004 0024     		movs	r4, #0
  47 0006 0594     		str	r4, [sp, #20]
  48 0008 0694     		str	r4, [sp, #24]
  49 000a 0794     		str	r4, [sp, #28]
  50 000c 0894     		str	r4, [sp, #32]
  51 000e 0994     		str	r4, [sp, #36]
  46:Core/Src/gpio.c **** 
  47:Core/Src/gpio.c ****   /* GPIO Ports Clock Enable */
  48:Core/Src/gpio.c ****   __HAL_RCC_GPIOC_CLK_ENABLE();
  52              		.loc 1 48 3 is_stmt 1 view .LVU3
  53              	.LBB2:
  54              		.loc 1 48 3 view .LVU4
  55 0010 0194     		str	r4, [sp, #4]
  56              		.loc 1 48 3 view .LVU5
  57 0012 2A4B     		ldr	r3, .L3
  58 0014 1A6B     		ldr	r2, [r3, #48]
  59 0016 42F00402 		orr	r2, r2, #4
  60 001a 1A63     		str	r2, [r3, #48]
  61              		.loc 1 48 3 view .LVU6
  62 001c 1A6B     		ldr	r2, [r3, #48]
  63 001e 02F00402 		and	r2, r2, #4
  64 0022 0192     		str	r2, [sp, #4]
  65              		.loc 1 48 3 view .LVU7
  66 0024 019A     		ldr	r2, [sp, #4]
  67              	.LBE2:
ARM GAS  /tmp/ccc8hMQP.s 			page 3


  68              		.loc 1 48 3 view .LVU8
  49:Core/Src/gpio.c ****   __HAL_RCC_GPIOH_CLK_ENABLE();
  69              		.loc 1 49 3 view .LVU9
  70              	.LBB3:
  71              		.loc 1 49 3 view .LVU10
  72 0026 0294     		str	r4, [sp, #8]
  73              		.loc 1 49 3 view .LVU11
  74 0028 1A6B     		ldr	r2, [r3, #48]
  75 002a 42F08002 		orr	r2, r2, #128
  76 002e 1A63     		str	r2, [r3, #48]
  77              		.loc 1 49 3 view .LVU12
  78 0030 1A6B     		ldr	r2, [r3, #48]
  79 0032 02F08002 		and	r2, r2, #128
  80 0036 0292     		str	r2, [sp, #8]
  81              		.loc 1 49 3 view .LVU13
  82 0038 029A     		ldr	r2, [sp, #8]
  83              	.LBE3:
  84              		.loc 1 49 3 view .LVU14
  50:Core/Src/gpio.c ****   __HAL_RCC_GPIOA_CLK_ENABLE();
  85              		.loc 1 50 3 view .LVU15
  86              	.LBB4:
  87              		.loc 1 50 3 view .LVU16
  88 003a 0394     		str	r4, [sp, #12]
  89              		.loc 1 50 3 view .LVU17
  90 003c 1A6B     		ldr	r2, [r3, #48]
  91 003e 42F00102 		orr	r2, r2, #1
  92 0042 1A63     		str	r2, [r3, #48]
  93              		.loc 1 50 3 view .LVU18
  94 0044 1A6B     		ldr	r2, [r3, #48]
  95 0046 02F00102 		and	r2, r2, #1
  96 004a 0392     		str	r2, [sp, #12]
  97              		.loc 1 50 3 view .LVU19
  98 004c 039A     		ldr	r2, [sp, #12]
  99              	.LBE4:
 100              		.loc 1 50 3 view .LVU20
  51:Core/Src/gpio.c ****   __HAL_RCC_GPIOB_CLK_ENABLE();
 101              		.loc 1 51 3 view .LVU21
 102              	.LBB5:
 103              		.loc 1 51 3 view .LVU22
 104 004e 0494     		str	r4, [sp, #16]
 105              		.loc 1 51 3 view .LVU23
 106 0050 1A6B     		ldr	r2, [r3, #48]
 107 0052 42F00202 		orr	r2, r2, #2
 108 0056 1A63     		str	r2, [r3, #48]
 109              		.loc 1 51 3 view .LVU24
 110 0058 1B6B     		ldr	r3, [r3, #48]
 111 005a 03F00203 		and	r3, r3, #2
 112 005e 0493     		str	r3, [sp, #16]
 113              		.loc 1 51 3 view .LVU25
 114 0060 049B     		ldr	r3, [sp, #16]
 115              	.LBE5:
 116              		.loc 1 51 3 view .LVU26
  52:Core/Src/gpio.c **** 
  53:Core/Src/gpio.c ****   /*Configure GPIO pin Output Level */
  54:Core/Src/gpio.c ****   HAL_GPIO_WritePin(LD2_GPIO_Port, LD2_Pin, GPIO_PIN_RESET);
 117              		.loc 1 54 3 view .LVU27
 118 0062 174F     		ldr	r7, .L3+4
ARM GAS  /tmp/ccc8hMQP.s 			page 4


 119 0064 2246     		mov	r2, r4
 120 0066 2021     		movs	r1, #32
 121 0068 3846     		mov	r0, r7
 122 006a FFF7FEFF 		bl	HAL_GPIO_WritePin
 123              	.LVL0:
  55:Core/Src/gpio.c **** 
  56:Core/Src/gpio.c ****   /*Configure GPIO pin Output Level */
  57:Core/Src/gpio.c ****   HAL_GPIO_WritePin(GPIOB, AIR_CMND_Pin|IMD_ERR_Pin|AMS_ERR_Pin, GPIO_PIN_RESET);
 124              		.loc 1 57 3 view .LVU28
 125 006e 154D     		ldr	r5, .L3+8
 126 0070 2246     		mov	r2, r4
 127 0072 0721     		movs	r1, #7
 128 0074 2846     		mov	r0, r5
 129 0076 FFF7FEFF 		bl	HAL_GPIO_WritePin
 130              	.LVL1:
  58:Core/Src/gpio.c **** 
  59:Core/Src/gpio.c ****   /*Configure GPIO pin : PtPin */
  60:Core/Src/gpio.c ****   GPIO_InitStruct.Pin = B1_Pin;
 131              		.loc 1 60 3 view .LVU29
 132              		.loc 1 60 23 is_stmt 0 view .LVU30
 133 007a 4FF40053 		mov	r3, #8192
 134 007e 0593     		str	r3, [sp, #20]
  61:Core/Src/gpio.c ****   GPIO_InitStruct.Mode = GPIO_MODE_IT_FALLING;
 135              		.loc 1 61 3 is_stmt 1 view .LVU31
 136              		.loc 1 61 24 is_stmt 0 view .LVU32
 137 0080 4FF40413 		mov	r3, #2162688
 138 0084 0693     		str	r3, [sp, #24]
  62:Core/Src/gpio.c ****   GPIO_InitStruct.Pull = GPIO_NOPULL;
 139              		.loc 1 62 3 is_stmt 1 view .LVU33
 140              		.loc 1 62 24 is_stmt 0 view .LVU34
 141 0086 0794     		str	r4, [sp, #28]
  63:Core/Src/gpio.c ****   HAL_GPIO_Init(B1_GPIO_Port, &GPIO_InitStruct);
 142              		.loc 1 63 3 is_stmt 1 view .LVU35
 143 0088 05A9     		add	r1, sp, #20
 144 008a 0F48     		ldr	r0, .L3+12
 145 008c FFF7FEFF 		bl	HAL_GPIO_Init
 146              	.LVL2:
  64:Core/Src/gpio.c **** 
  65:Core/Src/gpio.c ****   /*Configure GPIO pin : PtPin */
  66:Core/Src/gpio.c ****   GPIO_InitStruct.Pin = LD2_Pin;
 147              		.loc 1 66 3 view .LVU36
 148              		.loc 1 66 23 is_stmt 0 view .LVU37
 149 0090 2023     		movs	r3, #32
 150 0092 0593     		str	r3, [sp, #20]
  67:Core/Src/gpio.c ****   GPIO_InitStruct.Mode = GPIO_MODE_OUTPUT_PP;
 151              		.loc 1 67 3 is_stmt 1 view .LVU38
 152              		.loc 1 67 24 is_stmt 0 view .LVU39
 153 0094 0126     		movs	r6, #1
 154 0096 0696     		str	r6, [sp, #24]
  68:Core/Src/gpio.c ****   GPIO_InitStruct.Pull = GPIO_NOPULL;
 155              		.loc 1 68 3 is_stmt 1 view .LVU40
 156              		.loc 1 68 24 is_stmt 0 view .LVU41
 157 0098 0794     		str	r4, [sp, #28]
  69:Core/Src/gpio.c ****   GPIO_InitStruct.Speed = GPIO_SPEED_FREQ_LOW;
 158              		.loc 1 69 3 is_stmt 1 view .LVU42
 159              		.loc 1 69 25 is_stmt 0 view .LVU43
 160 009a 0894     		str	r4, [sp, #32]
ARM GAS  /tmp/ccc8hMQP.s 			page 5


  70:Core/Src/gpio.c ****   HAL_GPIO_Init(LD2_GPIO_Port, &GPIO_InitStruct);
 161              		.loc 1 70 3 is_stmt 1 view .LVU44
 162 009c 05A9     		add	r1, sp, #20
 163 009e 3846     		mov	r0, r7
 164 00a0 FFF7FEFF 		bl	HAL_GPIO_Init
 165              	.LVL3:
  71:Core/Src/gpio.c **** 
  72:Core/Src/gpio.c ****   /*Configure GPIO pins : PBPin PBPin PBPin */
  73:Core/Src/gpio.c ****   GPIO_InitStruct.Pin = AIR_CMND_Pin|IMD_ERR_Pin|AMS_ERR_Pin;
 166              		.loc 1 73 3 view .LVU45
 167              		.loc 1 73 23 is_stmt 0 view .LVU46
 168 00a4 0723     		movs	r3, #7
 169 00a6 0593     		str	r3, [sp, #20]
  74:Core/Src/gpio.c ****   GPIO_InitStruct.Mode = GPIO_MODE_OUTPUT_PP;
 170              		.loc 1 74 3 is_stmt 1 view .LVU47
 171              		.loc 1 74 24 is_stmt 0 view .LVU48
 172 00a8 0696     		str	r6, [sp, #24]
  75:Core/Src/gpio.c ****   GPIO_InitStruct.Pull = GPIO_NOPULL;
 173              		.loc 1 75 3 is_stmt 1 view .LVU49
 174              		.loc 1 75 24 is_stmt 0 view .LVU50
 175 00aa 0794     		str	r4, [sp, #28]
  76:Core/Src/gpio.c ****   GPIO_InitStruct.Speed = GPIO_SPEED_FREQ_LOW;
 176              		.loc 1 76 3 is_stmt 1 view .LVU51
 177              		.loc 1 76 25 is_stmt 0 view .LVU52
 178 00ac 0894     		str	r4, [sp, #32]
  77:Core/Src/gpio.c ****   HAL_GPIO_Init(GPIOB, &GPIO_InitStruct);
 179              		.loc 1 77 3 is_stmt 1 view .LVU53
 180 00ae 05A9     		add	r1, sp, #20
 181 00b0 2846     		mov	r0, r5
 182 00b2 FFF7FEFF 		bl	HAL_GPIO_Init
 183              	.LVL4:
  78:Core/Src/gpio.c **** 
  79:Core/Src/gpio.c **** }
 184              		.loc 1 79 1 is_stmt 0 view .LVU54
 185 00b6 0BB0     		add	sp, sp, #44
 186              	.LCFI2:
 187              		.cfi_def_cfa_offset 20
 188              		@ sp needed
 189 00b8 F0BD     		pop	{r4, r5, r6, r7, pc}
 190              	.L4:
 191 00ba 00BF     		.align	2
 192              	.L3:
 193 00bc 00380240 		.word	1073887232
 194 00c0 00000240 		.word	1073872896
 195 00c4 00040240 		.word	1073873920
 196 00c8 00080240 		.word	1073874944
 197              		.cfi_endproc
 198              	.LFE134:
 200              		.text
 201              	.Letext0:
 202              		.file 2 "/usr/lib/gcc/arm-none-eabi/10.3.1/include/stdint.h"
 203              		.file 3 "Drivers/CMSIS/Device/ST/STM32F4xx/Include/stm32f446xx.h"
 204              		.file 4 "Drivers/STM32F4xx_HAL_Driver/Inc/stm32f4xx_hal_gpio.h"
ARM GAS  /tmp/ccc8hMQP.s 			page 6


DEFINED SYMBOLS
                            *ABS*:0000000000000000 gpio.c
     /tmp/ccc8hMQP.s:18     .text.MX_GPIO_Init:0000000000000000 $t
     /tmp/ccc8hMQP.s:26     .text.MX_GPIO_Init:0000000000000000 MX_GPIO_Init
     /tmp/ccc8hMQP.s:193    .text.MX_GPIO_Init:00000000000000bc $d

UNDEFINED SYMBOLS
HAL_GPIO_WritePin
HAL_GPIO_Init
